<?xml version="1.0" encoding="UTF-8"?>
<testng-results ignored="0" total="1" passed="1" failed="0" skipped="0">
  <reporter-output>
  </reporter-output>
  <suite started-at="2023-03-12T02:13:07 IST" name="Suite" finished-at="2023-03-12T02:13:16 IST" duration-ms="8925">
    <groups>
    </groups>
    <test started-at="2023-03-12T02:13:07 IST" name="Test" finished-at="2023-03-12T02:13:16 IST" duration-ms="8925">
      <class name="edu.co.First1">
        <test-method signature="f()[pri:0, instance:edu.co.First1@776b83cc]" started-at="2023-03-12T02:13:07 IST" name="f" finished-at="2023-03-12T02:13:16 IST" duration-ms="8893" status="PASS">
          <reporter-output>
          </reporter-output>
        </test-method> <!-- f -->
      </class> <!-- edu.co.First1 -->
    </test> <!-- Test -->
  </suite> <!-- Suite -->
</testng-results>
