<?xml version="1.0" encoding="UTF-8"?>
<testng-results ignored="0" total="1" passed="1" failed="0" skipped="0">
  <reporter-output>
  </reporter-output>
  <suite started-at="2023-04-16T01:20:01 IST" name="Default suite" finished-at="2023-04-16T01:20:10 IST" duration-ms="8325">
    <groups>
    </groups>
    <test started-at="2023-04-16T01:20:01 IST" name="Default test" finished-at="2023-04-16T01:20:10 IST" duration-ms="8325">
      <class name="edu.co.First1">
        <test-method signature="f()[pri:0, instance:edu.co.First1@3541cb24]" started-at="2023-04-16T01:20:01 IST" name="f" finished-at="2023-04-16T01:20:10 IST" duration-ms="8279" status="PASS">
          <reporter-output>
          </reporter-output>
        </test-method> <!-- f -->
      </class> <!-- edu.co.First1 -->
    </test> <!-- Default test -->
  </suite> <!-- Default suite -->
</testng-results>
