<?xml version="1.0" encoding="UTF-8"?>
<testng-results ignored="0" total="1" passed="1" failed="0" skipped="0">
  <reporter-output>
  </reporter-output>
  <suite started-at="2023-03-12T01:36:20 IST" name="Default suite" finished-at="2023-03-12T01:36:29 IST" duration-ms="8906">
    <groups>
    </groups>
    <test started-at="2023-03-12T01:36:20 IST" name="Default test" finished-at="2023-03-12T01:36:29 IST" duration-ms="8906">
      <class name="edu.co.First1">
        <test-method signature="f()[pri:0, instance:edu.co.First1@4e096385]" started-at="2023-03-12T01:36:20 IST" name="f" finished-at="2023-03-12T01:36:29 IST" duration-ms="8862" status="PASS">
          <reporter-output>
          </reporter-output>
        </test-method> <!-- f -->
      </class> <!-- edu.co.First1 -->
    </test> <!-- Default test -->
  </suite> <!-- Default suite -->
</testng-results>
